<?xml version="1.0" encoding="UTF-8"?>
<testng-results ignored="0" total="1" passed="1" failed="0" skipped="0">
  <reporter-output>
  </reporter-output>
  <suite started-at="2023-04-05T21:39:03 IST" name="Default suite" finished-at="2023-04-05T21:39:25 IST" duration-ms="22241">
    <groups>
    </groups>
    <test started-at="2023-04-05T21:39:03 IST" name="Default test" finished-at="2023-04-05T21:39:25 IST" duration-ms="22241">
      <class name="tests.LoginTest">
        <test-method is-config="true" signature="setup()[pri:0, instance:tests.LoginTest@2034b64c]" started-at="2023-04-05T21:39:03 IST" name="setup" finished-at="2023-04-05T21:39:18 IST" duration-ms="14875" status="PASS">
          <reporter-output>
          </reporter-output>
        </test-method> <!-- setup -->
        <test-method signature="loginTest(java.lang.String,java.lang.String)[pri:0, instance:tests.LoginTest@2034b64c]" started-at="2023-04-05T21:39:21 IST" name="loginTest" data-provider="getdata" finished-at="2023-04-05T21:39:23 IST" duration-ms="2688" status="PASS">
          <params>
            <param index="0">
              <value>
                <![CDATA[mngr490609]]>
              </value>
            </param>
            <param index="1">
              <value>
                <![CDATA[Ybyhanu]]>
              </value>
            </param>
          </params>
          <reporter-output>
          </reporter-output>
        </test-method> <!-- loginTest -->
        <test-method is-config="true" signature="tearDown()[pri:0, instance:tests.LoginTest@2034b64c]" started-at="2023-04-05T21:39:23 IST" name="tearDown" finished-at="2023-04-05T21:39:25 IST" duration-ms="2056" status="PASS">
          <reporter-output>
          </reporter-output>
        </test-method> <!-- tearDown -->
      </class> <!-- tests.LoginTest -->
    </test> <!-- Default test -->
  </suite> <!-- Default suite -->
</testng-results>
